<?xml version="1.0" encoding="UTF-8"?>
<!-- Generated by org.testng.reporters.JUnitXMLReporter -->
<testsuite ignored="0" hostname="EGCA1-0091" failures="1" tests="1" name="Test" time="21.968" errors="0" timestamp="2022-07-30T02:15:58 EET">
  <testcase classname="test_cases.E2E_Secnario" name="simpleMethod" time="9.015">
    <failure type="java.lang.ClassCastException" message="class io.appium.java_client.android.AndroidDriver cannot be cast to class org.openqa.selenium.interactions.HasTouchScreen (io.appium.java_client.android.AndroidDriver and org.openqa.selenium.interactions.HasTouchScreen are in unnamed module of loader &amp;apos;app&amp;apos;)">
      <![CDATA[java.lang.ClassCastException: class io.appium.java_client.android.AndroidDriver cannot be cast to class org.openqa.selenium.interactions.HasTouchScreen (io.appium.java_client.android.AndroidDriver and org.openqa.selenium.interactions.HasTouchScreen are in unnamed module of loader 'app')
at org.openqa.selenium.interactions.touch.TouchActions.<init>(TouchActions.java:38)
at main.Main.simpleMethod(Main.java:40)
at test_cases.E2E_Secnario.simpleMethod(E2E_Secnario.java:23)
at java.base/java.util.ArrayList.forEach(ArrayList.java:1541)
... Removed 27 stack frames]]>
    </failure>
  </testcase> <!-- simpleMethod -->
</testsuite> <!-- Test -->
