<?xml version="1.0" encoding="UTF-8"?>
<testng-results ignored="0" total="1" passed="0" failed="1" skipped="0">
  <reporter-output>
  </reporter-output>
  <suite started-at="2022-07-30T02:15:36 EET" name="Suite" finished-at="2022-07-30T02:15:58 EET" duration-ms="21968">
    <groups>
      <group name="smoke">
        <method signature="E2E_Secnario.simpleMethod()[pri:1, instance:test_cases.E2E_Secnario@4f80542f]" name="simpleMethod" class="test_cases.E2E_Secnario"/>
      </group> <!-- smoke -->
    </groups>
    <test started-at="2022-07-30T02:15:36 EET" name="Test" finished-at="2022-07-30T02:15:58 EET" duration-ms="21968">
      <class name="test_cases.E2E_Secnario">
        <test-method is-config="true" signature="prepareUsedObjects()[pri:0, instance:test_cases.E2E_Secnario@4f80542f]" started-at="2022-07-30T02:15:36 EET" name="prepareUsedObjects" finished-at="2022-07-30T02:15:48 EET" duration-ms="12472" status="PASS">
          <reporter-output>
          </reporter-output>
        </test-method> <!-- prepareUsedObjects -->
        <test-method signature="simpleMethod()[pri:1, instance:test_cases.E2E_Secnario@4f80542f]" started-at="2022-07-30T02:15:48 EET" name="simpleMethod" finished-at="2022-07-30T02:15:57 EET" duration-ms="9015" status="FAIL">
          <exception class="java.lang.ClassCastException">
            <message>
              <![CDATA[class io.appium.java_client.android.AndroidDriver cannot be cast to class org.openqa.selenium.interactions.HasTouchScreen (io.appium.java_client.android.AndroidDriver and org.openqa.selenium.interactions.HasTouchScreen are in unnamed module of loader 'app')]]>
            </message>
            <full-stacktrace>
              <![CDATA[java.lang.ClassCastException: class io.appium.java_client.android.AndroidDriver cannot be cast to class org.openqa.selenium.interactions.HasTouchScreen (io.appium.java_client.android.AndroidDriver and org.openqa.selenium.interactions.HasTouchScreen are in unnamed module of loader 'app')
at org.openqa.selenium.interactions.touch.TouchActions.<init>(TouchActions.java:38)
at main.Main.simpleMethod(Main.java:40)
at test_cases.E2E_Secnario.simpleMethod(E2E_Secnario.java:23)
at java.base/jdk.internal.reflect.NativeMethodAccessorImpl.invoke0(Native Method)
at java.base/jdk.internal.reflect.NativeMethodAccessorImpl.invoke(NativeMethodAccessorImpl.java:62)
at java.base/jdk.internal.reflect.DelegatingMethodAccessorImpl.invoke(DelegatingMethodAccessorImpl.java:43)
at java.base/java.lang.reflect.Method.invoke(Method.java:566)
at org.testng.internal.MethodInvocationHelper.invokeMethod(MethodInvocationHelper.java:133)
at org.testng.internal.TestInvoker.invokeMethod(TestInvoker.java:598)
at org.testng.internal.TestInvoker.invokeTestMethod(TestInvoker.java:173)
at org.testng.internal.MethodRunner.runInSequence(MethodRunner.java:46)
at org.testng.internal.TestInvoker$MethodInvocationAgent.invoke(TestInvoker.java:824)
at org.testng.internal.TestInvoker.invokeTestMethods(TestInvoker.java:146)
at org.testng.internal.TestMethodWorker.invokeTestMethods(TestMethodWorker.java:146)
at org.testng.internal.TestMethodWorker.run(TestMethodWorker.java:128)
at java.base/java.util.ArrayList.forEach(ArrayList.java:1541)
at org.testng.TestRunner.privateRun(TestRunner.java:794)
at org.testng.TestRunner.run(TestRunner.java:596)
at org.testng.SuiteRunner.runTest(SuiteRunner.java:377)
at org.testng.SuiteRunner.runSequentially(SuiteRunner.java:371)
at org.testng.SuiteRunner.privateRun(SuiteRunner.java:332)
at org.testng.SuiteRunner.run(SuiteRunner.java:276)
at org.testng.SuiteRunnerWorker.runSuite(SuiteRunnerWorker.java:53)
at org.testng.SuiteRunnerWorker.run(SuiteRunnerWorker.java:96)
at org.testng.TestNG.runSuitesSequentially(TestNG.java:1212)
at org.testng.TestNG.runSuitesLocally(TestNG.java:1134)
at org.testng.TestNG.runSuites(TestNG.java:1063)
at org.testng.TestNG.run(TestNG.java:1031)
at org.testng.remote.AbstractRemoteTestNG.run(AbstractRemoteTestNG.java:115)
at org.testng.remote.RemoteTestNG.initAndRun(RemoteTestNG.java:251)
at org.testng.remote.RemoteTestNG.main(RemoteTestNG.java:77)
]]>
            </full-stacktrace>
          </exception> <!-- java.lang.ClassCastException -->
          <reporter-output>
          </reporter-output>
        </test-method> <!-- simpleMethod -->
        <test-method is-config="true" signature="tearDown()[pri:0, instance:test_cases.E2E_Secnario@4f80542f]" started-at="2022-07-30T02:15:57 EET" name="tearDown" finished-at="2022-07-30T02:15:58 EET" duration-ms="412" status="PASS">
          <reporter-output>
          </reporter-output>
        </test-method> <!-- tearDown -->
      </class> <!-- test_cases.E2E_Secnario -->
    </test> <!-- Test -->
  </suite> <!-- Suite -->
</testng-results>
